
Showing logs for build [32mcb-kubecd-bdd-ghfjxy-1568736580-fgp8x-1[0m stage [32mmeta-pipeline[0m and container [32mstep-credential-initializer-zrb2c[0m
{"level":"warn","ts":1568737246.0157082,"logger":"fallback-logger","caller":"logging/config.go:69","msg":"Fetch GitHub commit ID from kodata failed: \"ref: refs/heads/master\" is not a valid GitHub commit ID"}
{"level":"info","ts":1568737246.0170856,"logger":"fallback-logger","caller":"creds-init/main.go:40","msg":"Credentials initialized."}

Showing logs for build [32mcb-kubecd-bdd-ghfjxy-1568736580-fgp8x-1[0m stage [32mmeta-pipeline[0m and container [32mstep-working-dir-initializer-zzdgb[0m
{"level":"warn","ts":1568737247.3832614,"logger":"fallback-logger","caller":"logging/config.go:69","msg":"Fetch GitHub commit ID from kodata failed: open /var/run/ko/HEAD: no such file or directory"}
{"level":"info","ts":1568737247.386179,"logger":"fallback-logger","caller":"bash/main.go:65","msg":"Successfully executed command \"mkdir -p /workspace/source\""}

Showing logs for build [32mcb-kubecd-bdd-ghfjxy-1568736580-fgp8x-1[0m stage [32mmeta-pipeline[0m and container [32mstep-place-tools[0m

Showing logs for build [32mcb-kubecd-bdd-ghfjxy-1568736580-fgp8x-1[0m stage [32mmeta-pipeline[0m and container [32mstep-git-source-meta-cb-kubecd-bdd-ghfjxy-15687-dqtb9[0m
{"level":"warn","ts":1568737253.5163949,"logger":"fallback-logger","caller":"logging/config.go:69","msg":"Fetch GitHub commit ID from kodata failed: \"ref: refs/heads/master\" is not a valid GitHub commit ID"}
{"level":"info","ts":1568737254.6237152,"logger":"fallback-logger","caller":"git/git.go:102","msg":"Successfully cloned https://github.com/cb-kubecd/bdd-ghf**y-1568736580.git @ 9663b44f3aaab7831daf36b65bc1b9d556ceaed7 in path /workspace/source"}

Showing logs for build [32mcb-kubecd-bdd-ghfjxy-1568736580-fgp8x-1[0m stage [32mmeta-pipeline[0m and container [32mstep-git-merge[0m
Using SHAs from PULL_REFS=master:9663b44f3aaab7831daf36b65bc1b9d556ceaed7,1:04b7de21a714f5c0cc2175bf87af2f1ac12c312e
DEBUG: ran git fetch --unshallow origin 04b7de21a714f5c0cc2175bf87af2f1ac12c312e: 9663b44f3aaab7831daf36b65bc1b9d556ceaed7: in 
DEBUG: ran git checkout master in 
DEBUG: ran git reset --hard 9663b44f3aaab7831daf36b65bc1b9d556ceaed7 in 
DEBUG: ran clean --force -d . in 
DEBUG: ran git merge 04b7de21a714f5c0cc2175bf87af2f1ac12c312e in 
Merged SHA 04b7de21a714f5c0cc2175bf87af2f1ac12c312e with commit message 'My first PR commit' into base branch master

Showing logs for build [32mcb-kubecd-bdd-ghfjxy-1568736580-fgp8x-1[0m stage [32mmeta-pipeline[0m and container [32mstep-merge-pull-refs[0m
DEBUG: ran git fetch origin 04b7de21a714f5c0cc2175bf87af2f1ac12c312e: 9663b44f3aaab7831daf36b65bc1b9d556ceaed7: in 
DEBUG: Unshallowed git repo in 
DEBUG: ran git checkout master in 
DEBUG: ran git reset --hard 9663b44f3aaab7831daf36b65bc1b9d556ceaed7 in 
DEBUG: ran clean --force -d . in 
DEBUG: ran git merge 04b7de21a714f5c0cc2175bf87af2f1ac12c312e in 
Merged SHA 04b7de21a714f5c0cc2175bf87af2f1ac12c312e with commit message 'My first PR commit' into base branch master

Showing logs for build [32mcb-kubecd-bdd-ghfjxy-1568736580-fgp8x-1[0m stage [32mmeta-pipeline[0m and container [32mstep-create-effective-pipeline[0m
Deleting and cloning the Jenkins X versions repo
Cloning the Jenkins X versions repo https://github.com/jenkins-x/jenkins-x-versions.git with ref refs/heads/master to /builder/home/.**/jenkins-x-versions
performing pack detection in folder /workspace/source
--> Draft detected YAML (67.752116%)
--> Could not find a pack for YAML. Trying to find the next likely language match...
--> Draft detected RPM Spec (14.854397%)
--> Could not find a pack for RPM Spec. Trying to find the next likely language match...
--> Draft detected Coq (6.799598%)
--> Could not find a pack for Coq. Trying to find the next likely language match...
--> Draft detected Smarty (3.701047%)
--> Could not find a pack for Smarty. Trying to find the next likely language match...
--> Draft detected Go (2.904892%)
selected pack: /builder/home/.**/draft/packs/github.com/jenkins-x-buildpacks/jenkins-x-kubernetes/packs/go
Effective pipeline written to jenkins-x-serverless-jenkins-effective.yml

Showing logs for build [32mcb-kubecd-bdd-ghfjxy-1568736580-fgp8x-1[0m stage [32mmeta-pipeline[0m and container [32mstep-create-tekton-crds[0m
PipelineActivity for cb-kubecd-bdd-ghf**y-1568736580-PR-1-1
Applying changes 
upserted PipelineResource cb-kubecd-bdd-ghf**y-1568736580 for the git repository https://github.com/cb-kubecd/bdd-ghf**y-1568736580.git
upserted Task cb-kubecd-bdd-ghf**y-1568736580-fgp8x-run-make-1
upserted Task cb-kubecd-bdd-ghf**y-1568736580-fgp8x-everything-else-1
upserted Pipeline cb-kubecd-bdd-ghf**y-1568736580-fgp8x-1
created PipelineRun cb-kubecd-bdd-ghf**y-1568736580-fgp8x-1
created PipelineStructure cb-kubecd-bdd-ghf**y-1568736580-fgp8x-1

Showing logs for build [32mcb-kubecd-bdd-ghfjxy-1568736580-fgp8x-1[0m stage [32mrun-make[0m and container [32mstep-credential-initializer-m6jzx[0m
{"level":"warn","ts":1568737288.2728658,"logger":"fallback-logger","caller":"logging/config.go:69","msg":"Fetch GitHub commit ID from kodata failed: \"ref: refs/heads/master\" is not a valid GitHub commit ID"}
{"level":"info","ts":1568737288.2734387,"logger":"fallback-logger","caller":"creds-init/main.go:40","msg":"Credentials initialized."}

Showing logs for build [32mcb-kubecd-bdd-ghfjxy-1568736580-fgp8x-1[0m stage [32mrun-make[0m and container [32mstep-working-dir-initializer-fb7zp[0m
{"level":"warn","ts":1568737289.4227922,"logger":"fallback-logger","caller":"logging/config.go:69","msg":"Fetch GitHub commit ID from kodata failed: open /var/run/ko/HEAD: no such file or directory"}
{"level":"info","ts":1568737289.4244022,"logger":"fallback-logger","caller":"bash/main.go:65","msg":"Successfully executed command \"mkdir -p /workspace/source\""}

Showing logs for build [32mcb-kubecd-bdd-ghfjxy-1568736580-fgp8x-1[0m stage [32mrun-make[0m and container [32mstep-place-tools[0m

Showing logs for build [32mcb-kubecd-bdd-ghfjxy-1568736580-fgp8x-1[0m stage [32mrun-make[0m and container [32mstep-git-source-cb-kubecd-bdd-ghfjxy-1568736580-p7nmn[0m
{"level":"warn","ts":1568737295.5360837,"logger":"fallback-logger","caller":"logging/config.go:69","msg":"Fetch GitHub commit ID from kodata failed: \"ref: refs/heads/master\" is not a valid GitHub commit ID"}
{"level":"info","ts":1568737296.6143997,"logger":"fallback-logger","caller":"git/git.go:102","msg":"Successfully cloned https://github.com/cb-kubecd/bdd-ghf**y-1568736580.git @ master in path /workspace/source"}

Showing logs for build [32mcb-kubecd-bdd-ghfjxy-1568736580-fgp8x-1[0m stage [32mrun-make[0m and container [32mstep-git-merge[0m
Using SHAs from PULL_REFS=master:9663b44f3aaab7831daf36b65bc1b9d556ceaed7,1:04b7de21a714f5c0cc2175bf87af2f1ac12c312e
DEBUG: ran git fetch --unshallow origin 04b7de21a714f5c0cc2175bf87af2f1ac12c312e: 9663b44f3aaab7831daf36b65bc1b9d556ceaed7: in 
DEBUG: ran git checkout master in 
DEBUG: ran git reset --hard 9663b44f3aaab7831daf36b65bc1b9d556ceaed7 in 
DEBUG: ran clean --force -d . in 
DEBUG: ran git merge 04b7de21a714f5c0cc2175bf87af2f1ac12c312e in 
Merged SHA 04b7de21a714f5c0cc2175bf87af2f1ac12c312e with commit message 'My first PR commit' into base branch master

Showing logs for build [32mcb-kubecd-bdd-ghfjxy-1568736580-fgp8x-1[0m stage [32mrun-make[0m and container [32mstep-build-make-linux[0m
CGO_ENABLED=0 GOOS=linux GOARCH=amd64 GO15VENDOREXPERIMENT=1 go build -ldflags '' -o bin/bdd-ghf**y-1568736580 main.go

Showing logs for build [32mcb-kubecd-bdd-ghfjxy-1568736580-fgp8x-1[0m stage [32mrun-make[0m and container [32mstep-source-mkdir-cb-kubecd-bdd-ghfjxy-1568736580-ncq8r[0m
{"level":"warn","ts":1568737324.610485,"logger":"fallback-logger","caller":"logging/config.go:69","msg":"Fetch GitHub commit ID from kodata failed: open /var/run/ko/HEAD: no such file or directory"}
{"level":"info","ts":1568737324.649761,"logger":"fallback-logger","caller":"bash/main.go:65","msg":"Successfully executed command \"mkdir -p /pvc/run-make/workspace\""}

Showing logs for build [32mcb-kubecd-bdd-ghfjxy-1568736580-fgp8x-1[0m stage [32mrun-make[0m and container [32mstep-source-copy-cb-kubecd-bdd-ghfjxy-1568736580-l52kk[0m
{"level":"warn","ts":1568737325.000321,"logger":"fallback-logger","caller":"logging/config.go:69","msg":"Fetch GitHub commit ID from kodata failed: open /var/run/ko/HEAD: no such file or directory"}
{"level":"info","ts":1568737325.019672,"logger":"fallback-logger","caller":"bash/main.go:65","msg":"Successfully executed command \"cp -r /workspace/source/. /pvc/run-make/workspace\""}

Showing logs for build [32mcb-kubecd-bdd-ghfjxy-1568736580-fgp8x-1[0m stage [32meverything-else[0m and container [32mstep-credential-initializer-dzdkq[0m
{"level":"warn","ts":1568737333.4418652,"logger":"fallback-logger","caller":"logging/config.go:69","msg":"Fetch GitHub commit ID from kodata failed: \"ref: refs/heads/master\" is not a valid GitHub commit ID"}
{"level":"info","ts":1568737333.4425633,"logger":"fallback-logger","caller":"creds-init/main.go:40","msg":"Credentials initialized."}

Showing logs for build [32mcb-kubecd-bdd-ghfjxy-1568736580-fgp8x-1[0m stage [32meverything-else[0m and container [32mstep-working-dir-initializer-sbcpm[0m
{"level":"warn","ts":1568737334.9084792,"logger":"fallback-logger","caller":"logging/config.go:69","msg":"Fetch GitHub commit ID from kodata failed: open /var/run/ko/HEAD: no such file or directory"}
{"level":"info","ts":1568737334.9145792,"logger":"fallback-logger","caller":"bash/main.go:65","msg":"Successfully executed command \"mkdir -p /workspace/source /workspace/source/charts/preview\""}

Showing logs for build [32mcb-kubecd-bdd-ghfjxy-1568736580-fgp8x-1[0m stage [32meverything-else[0m and container [32mstep-place-tools[0m

Showing logs for build [32mcb-kubecd-bdd-ghfjxy-1568736580-fgp8x-1[0m stage [32meverything-else[0m and container [32mstep-create-dir-workspace-kptpp[0m
{"level":"warn","ts":1568737340.0001721,"logger":"fallback-logger","caller":"logging/config.go:69","msg":"Fetch GitHub commit ID from kodata failed: open /var/run/ko/HEAD: no such file or directory"}
{"level":"info","ts":1568737340.0024886,"logger":"fallback-logger","caller":"bash/main.go:65","msg":"Successfully executed command \"mkdir -p /workspace/source\""}

Showing logs for build [32mcb-kubecd-bdd-ghfjxy-1568736580-fgp8x-1[0m stage [32meverything-else[0m and container [32mstep-source-copy-workspace-sdwkr[0m
{"level":"warn","ts":1568737340.3541682,"logger":"fallback-logger","caller":"logging/config.go:69","msg":"Fetch GitHub commit ID from kodata failed: open /var/run/ko/HEAD: no such file or directory"}
{"level":"info","ts":1568737340.5684667,"logger":"fallback-logger","caller":"bash/main.go:65","msg":"Successfully executed command \"cp -r /pvc/run-make/workspace/. /workspace/source\""}

Showing logs for build [32mcb-kubecd-bdd-ghfjxy-1568736580-fgp8x-1[0m stage [32meverything-else[0m and container [32mstep-build-container-build[0m
[36mINFO[0m[0000] No base image, nothing to extract            
[36mINFO[0m[0000] cmd: EXPOSE                                  
[36mINFO[0m[0000] Adding exposed port: 8080/tcp                
[36mINFO[0m[0000] Using files from context: [/workspace/source/bin] 
[36mINFO[0m[0000] Skipping unpacking as no commands require it. 
[36mINFO[0m[0000] Taking snapshot of full filesystem...        
[36mINFO[0m[0000] EXPOSE 8080                                  
[36mINFO[0m[0000] cmd: EXPOSE                                  
[36mINFO[0m[0000] Adding exposed port: 8080/tcp                
[36mINFO[0m[0000] No files changed in this command, skipping snapshotting. 
[36mINFO[0m[0000] ENTRYPOINT ["/bdd-ghf**y-1568736580"]        
[36mINFO[0m[0000] No files changed in this command, skipping snapshotting. 
[36mINFO[0m[0000] Using files from context: [/workspace/source/bin] 
[36mINFO[0m[0000] COPY ./bin/ /                                
[36mINFO[0m[0000] Taking snapshot of files...                  
2019/09/17 16:22:24 pushed blob: sha256:ccea97ca2215ea10d1ed40fab93357416d18c5a24c4133412622a85e5703150d
2019/09/17 16:22:26 pushed blob: sha256:817781dde4b79407599e75c06e53d6c8484f53b55d5895b3d94997fe48e4bf97
2019/09/17 16:22:27 gcr.io/jenkins-x-bdd3/bdd-ghf**y-1568736580:0.0.0-SNAPSHOT-PR-1-1: digest: sha256:7eb2fe924f74d55cf0a3a03b72e0a8944c3dfd08434094f54259a9b0e083418c size: 428

Showing logs for build [32mcb-kubecd-bdd-ghfjxy-1568736580-fgp8x-1[0m stage [32meverything-else[0m and container [32mstep-postbuild-post-build[0m
no CVE provider running in the current ** namespace so skip adding image to be analysed

Showing logs for build [32mcb-kubecd-bdd-ghfjxy-1568736580-fgp8x-1[0m stage [32meverything-else[0m and container [32mstep-promote-make-preview[0m
sed -i -e "s/version:.*/version: 0.0.0-SNAPSHOT-PR-1-1/" Chart.yaml
sed -i -e "s/version:.*/version: 0.0.0-SNAPSHOT-PR-1-1/" ../*/Chart.yaml
sed -i -e "s|repository:.*|repository: gcr.io\/jenkins-x-bdd3\/bdd-ghf**y-1568736580|" values.yaml
sed -i -e "s/tag:.*/tag: 0.0.0-SNAPSHOT-PR-1-1/" values.yaml
echo "  version: 0.0.0-SNAPSHOT-PR-1-1" >> requirements.yaml
** step helm build
WARNING: No $CHART_REPOSITORY defined so using the default value of: http://jenkins-x-chartmuseum:8080
Adding missing Helm repo: storage.googleapis.com https://storage.googleapis.com/chartmuseum.jenkins-x.io
Successfully added Helm repository storage.googleapis.com.
Adding missing Helm repo: jenkins-x-chartmuseum http://jenkins-x-chartmuseum:8080
Successfully added Helm repository jenkins-x-chartmuseum.
WARNING: No $CHART_REPOSITORY defined so using the default value of: http://jenkins-x-chartmuseum:8080
Adding missing Helm repo: chartmuseum.jenkins-x.io http://chartmuseum.jenkins-x.io
Successfully added Helm repository chartmuseum.jenkins-x.io.

Showing logs for build [32mcb-kubecd-bdd-ghfjxy-1568736580-fgp8x-1[0m stage [32meverything-else[0m and container [32mstep-promote-jx-preview[0m
Creating a preview
WARNING: No author for commit: 04b7de21a714f5c0cc2175bf87af2f1ac12c312e
Created environment cb-kubecd-bdd-ghf**y-1568736580-pr-1
Namespace **-cb-kubecd-bdd-ghf**y-1568736580-pr-1 created 
expose:
  Annotations:
    helm.sh/hook: post-install,post-upgrade
    helm.sh/hook-delete-policy: hook-succeeded
  config:
    domain: 35.195.148.239.nip.io
    exposer: Ingress
    http: "true"
preview:
  image:
    repository: gcr.io/jenkins-x-bdd3/bdd-ghf**y-1568736580
    tag: 0.0.0-SNAPSHOT-PR-1-1
Deleting and cloning the Jenkins X versions repo
Cloning the Jenkins X versions repo https://github.com/jenkins-x/jenkins-x-versions.git with ref refs/heads/master to /builder/home/.**/jenkins-x-versions


Updating PipelineActivities cb-kubecd-bdd-ghf**y-1568736580-pr-1-1 which has status Running
WARNING: preview application http://bdd-ghf**y-1568736580.**-cb-kubecd-bdd-ghf**y-1568736580-pr-1.35.195.148.239.nip.io not available, error was 503 503 Service Temporarily Unavailable, delaying for: 1.252573036s
WARNING: preview application http://bdd-ghf**y-1568736580.**-cb-kubecd-bdd-ghf**y-1568736580-pr-1.35.195.148.239.nip.io not available, error was 503 503 Service Temporarily Unavailable, delaying for: 1.795078749s
Preview application is now available at: http://bdd-ghf**y-1568736580.**-cb-kubecd-bdd-ghf**y-1568736580-pr-1.35.195.148.239.nip.io
